Command line
python train.py --data_path ../datasets/marketdrug/invivo_allainstock_KNIME_rm_nu_11-24_train.csv --dataset_type classification --num_workers 2 --save_dir ../pipeline/druglikeness/normal_active_alldruglikeainstock_v4_nopretrain_firsttrain_05-10 --epochs 50 --features_path ../datasets/marketdrug/invivo_allainstock_KNIME_rm_nu_11-24_train_rdkit_2d_normalized.npy --separate_test_path ../datasets/marketdrug/invivo_allainstock_KNIME_rm_nu_11-24_test.csv --separate_test_features_path ../datasets/marketdrug/invivo_allainstock_KNIME_rm_nu_11-24_test_rdkit_2d_normalized.npy --no_features_scaling --metric auc --init_lr 5e-4 --max_lr 5e-4 --final_lr 5e-4 --s ../pipeline/druglikeness/normal_active_alldruglikeainstock_v4_nopretrain_firsttrain_05-10_s --mode active --depth 2 --hidden_size 300 --ffn_num_layer 2 --batch_size 500 --target_columns label --smiles_column smiles --fold 0 --round 0
iteration 0
Epoch 0
Command line
python train.py --data_path ../datasets/marketdrug/invivo_allainstock_KNIME_rm_nu_11-24_train.csv --dataset_type classification --num_workers 2 --save_dir ../pipeline/druglikeness/normal_active_alldruglikeainstock_v4_nopretrain_firsttrain_05-10 --epochs 50 --features_path ../datasets/marketdrug/invivo_allainstock_KNIME_rm_nu_11-24_train_rdkit_2d_normalized.npy --separate_test_path ../datasets/marketdrug/invivo_allainstock_KNIME_rm_nu_11-24_test.csv --separate_test_features_path ../datasets/marketdrug/invivo_allainstock_KNIME_rm_nu_11-24_test_rdkit_2d_normalized.npy --no_features_scaling --metric auc --init_lr 5e-4 --max_lr 5e-4 --final_lr 5e-4 --s ../pipeline/druglikeness/normal_active_alldruglikeainstock_v4_nopretrain_firsttrain_05-10_s --mode active --depth 2 --hidden_size 300 --ffn_num_layer 2 --batch_size 500 --target_columns label --smiles_column smiles --fold 2 --round 0
Command line
python train.py --data_path ../datasets/marketdrug/invivo_allainstock_KNIME_rm_nu_11-24_train.csv --dataset_type classification --num_workers 2 --save_dir ../pipeline/druglikeness/normal_active_alldruglikeainstock_v4_nopretrain_firsttrain_05-10 --epochs 50 --features_path ../datasets/marketdrug/invivo_allainstock_KNIME_rm_nu_11-24_train_rdkit_2d_normalized.npy --separate_test_path ../datasets/marketdrug/invivo_allainstock_KNIME_rm_nu_11-24_test.csv --separate_test_features_path ../datasets/marketdrug/invivo_allainstock_KNIME_rm_nu_11-24_test_rdkit_2d_normalized.npy --no_features_scaling --metric auc --init_lr 5e-4 --max_lr 5e-4 --final_lr 5e-4 --s ../pipeline/druglikeness/normal_active_alldruglikeainstock_v4_nopretrain_firsttrain_05-10_s --mode active --depth 2 --hidden_size 300 --ffn_num_layer 2 --batch_size 500 --target_columns label --smiles_column smiles --fold 3 --round 0
Command line
python train.py --data_path ../datasets/marketdrug/invivo_allainstock_KNIME_rm_nu_11-24_train.csv --dataset_type classification --num_workers 2 --save_dir ../pipeline/druglikeness/normal_active_alldruglikeainstock_v4_nopretrain_firsttrain_05-10 --epochs 50 --features_path ../datasets/marketdrug/invivo_allainstock_KNIME_rm_nu_11-24_train_rdkit_2d_normalized.npy --separate_test_path ../datasets/marketdrug/invivo_allainstock_KNIME_rm_nu_11-24_test.csv --separate_test_features_path ../datasets/marketdrug/invivo_allainstock_KNIME_rm_nu_11-24_test_rdkit_2d_normalized.npy --no_features_scaling --metric auc --init_lr 5e-4 --max_lr 5e-4 --final_lr 5e-4 --s ../pipeline/druglikeness/normal_active_alldruglikeainstock_v4_nopretrain_firsttrain_05-10_s --mode active --depth 2 --hidden_size 300 --ffn_num_layer 2 --batch_size 500 --target_columns label --smiles_column smiles --fold 4 --round 0
Command line
python train.py --data_path ../datasets/marketdrug/invivo_allainstock_KNIME_rm_nu_11-24_train.csv --dataset_type classification --num_workers 2 --save_dir ../pipeline/druglikeness/normal_active_alldruglikeainstock_v4_nopretrain_firsttrain_05-10 --epochs 50 --features_path ../datasets/marketdrug/invivo_allainstock_KNIME_rm_nu_11-24_train_rdkit_2d_normalized.npy --separate_test_path ../datasets/marketdrug/invivo_allainstock_KNIME_rm_nu_11-24_test.csv --separate_test_features_path ../datasets/marketdrug/invivo_allainstock_KNIME_rm_nu_11-24_test_rdkit_2d_normalized.npy --no_features_scaling --metric auc --init_lr 5e-4 --max_lr 5e-4 --final_lr 5e-4 --s ../pipeline/druglikeness/normal_active_alldruglikeainstock_v4_nopretrain_firsttrain_05-10_s --mode active --depth 2 --hidden_size 300 --ffn_num_layer 2 --batch_size 500 --target_columns label --smiles_column smiles --fold 1 --round 0
iteration 0
iteration 0
iteration 0
iteration 0
Epoch 0
Epoch 0
Epoch 0
Epoch 0
round 0 best train auc = 0.917522 on epoch 0
round 0 best validation auc = 0.918418 on epoch 0
Epoch 1
round 0 best train auc = 0.919104 on epoch 0
round 0 best validation auc = 0.915733 on epoch 0
Epoch 1
round 0 best train auc = 0.917528 on epoch 0
round 0 best validation auc = 0.919490 on epoch 0
Epoch 1
round 0 best train auc = 0.915694 on epoch 0
round 0 best validation auc = 0.913799 on epoch 0
Epoch 1
round 0 best train auc = 0.914867 on epoch 0
round 0 best validation auc = 0.919795 on epoch 0
Epoch 1
round 0 best train auc = 0.932232 on epoch 1
round 0 best validation auc = 0.932254 on epoch 1
Epoch 2
round 0 best train auc = 0.936536 on epoch 1
round 0 best validation auc = 0.936985 on epoch 1
Epoch 2
round 0 best train auc = 0.931652 on epoch 1
round 0 best validation auc = 0.927250 on epoch 1
Epoch 2
round 0 best train auc = 0.932620 on epoch 1
round 0 best validation auc = 0.930106 on epoch 1
Epoch 2
round 0 best train auc = 0.931683 on epoch 1
round 0 best validation auc = 0.934917 on epoch 1
Epoch 2
round 0 best train auc = 0.943534 on epoch 2
round 0 best validation auc = 0.943176 on epoch 2
Epoch 3
round 0 best train auc = 0.943838 on epoch 2
round 0 best validation auc = 0.939934 on epoch 2
Epoch 3
round 0 best train auc = 0.944806 on epoch 2
round 0 best validation auc = 0.944293 on epoch 2
Epoch 3
round 0 best train auc = 0.944987 on epoch 2
round 0 best validation auc = 0.941805 on epoch 2
Epoch 3
round 0 best train auc = 0.941454 on epoch 2
round 0 best validation auc = 0.943707 on epoch 2
Epoch 3
round 0 best train auc = 0.950777 on epoch 3
round 0 best validation auc = 0.949599 on epoch 3
Epoch 4
round 0 best train auc = 0.951233 on epoch 3
round 0 best validation auc = 0.947017 on epoch 3
Epoch 4
round 0 best train auc = 0.950535 on epoch 3
round 0 best validation auc = 0.949713 on epoch 3
Epoch 4
round 0 best train auc = 0.953121 on epoch 3
round 0 best validation auc = 0.949474 on epoch 3
Epoch 4
round 0 best train auc = 0.951422 on epoch 3
round 0 best validation auc = 0.951487 on epoch 3
Epoch 4
round 0 best train auc = 0.955981 on epoch 4
round 0 best validation auc = 0.954354 on epoch 4
Epoch 5
round 0 best train auc = 0.955674 on epoch 4
round 0 best validation auc = 0.951759 on epoch 4
Epoch 5
round 0 best train auc = 0.957936 on epoch 4
round 0 best validation auc = 0.954822 on epoch 4
Epoch 5
round 0 best train auc = 0.956528 on epoch 4
round 0 best validation auc = 0.952542 on epoch 4
Epoch 5
round 0 best train auc = 0.955291 on epoch 4
round 0 best validation auc = 0.954675 on epoch 4
Epoch 5
round 0 best train auc = 0.959635 on epoch 5
round 0 best validation auc = 0.958115 on epoch 5
Epoch 6
round 0 best train auc = 0.958349 on epoch 5
round 0 best validation auc = 0.954999 on epoch 5
Epoch 6
round 0 best train auc = 0.961226 on epoch 5
round 0 best validation auc = 0.957622 on epoch 5
Epoch 6
round 0 best train auc = 0.959546 on epoch 5
round 0 best validation auc = 0.955424 on epoch 5
Epoch 6
round 0 best train auc = 0.961298 on epoch 5
round 0 best validation auc = 0.960094 on epoch 5
Epoch 6
round 0 best train auc = 0.963621 on epoch 6
round 0 best validation auc = 0.961790 on epoch 6
Epoch 7
round 0 best train auc = 0.963736 on epoch 6
round 0 best validation auc = 0.960048 on epoch 6
Epoch 7
round 0 best train auc = 0.963077 on epoch 6
round 0 best validation auc = 0.960236 on epoch 6
Epoch 7
round 0 best train auc = 0.964234 on epoch 6
round 0 best validation auc = 0.959383 on epoch 6
Epoch 7
round 0 best train auc = 0.962350 on epoch 6
round 0 best validation auc = 0.961107 on epoch 6
Epoch 7
round 0 best train auc = 0.964793 on epoch 7
round 0 best validation auc = 0.962507 on epoch 7
Epoch 8
round 0 best train auc = 0.965717 on epoch 7
round 0 best validation auc = 0.962006 on epoch 7
Epoch 8
round 0 best train auc = 0.966713 on epoch 7
round 0 best validation auc = 0.962027 on epoch 7
Epoch 8
round 0 best train auc = 0.967469 on epoch 7
round 0 best validation auc = 0.962375 on epoch 7
Epoch 8
round 0 best train auc = 0.967137 on epoch 7
round 0 best validation auc = 0.964774 on epoch 7
Epoch 8
round 0 best train auc = 0.968829 on epoch 8
round 0 best validation auc = 0.966199 on epoch 8
Epoch 9
round 0 best train auc = 0.969013 on epoch 8
round 0 best validation auc = 0.964121 on epoch 8
Epoch 9
round 0 best train auc = 0.968699 on epoch 8
round 0 best validation auc = 0.964640 on epoch 8
Epoch 9
round 0 best train auc = 0.968773 on epoch 8
round 0 best validation auc = 0.963193 on epoch 8
Epoch 9
round 0 best train auc = 0.969143 on epoch 8
round 0 best validation auc = 0.966206 on epoch 8
Epoch 9
round 0 best train auc = 0.970322 on epoch 9
round 0 best validation auc = 0.967360 on epoch 9
Epoch 10
round 0 best train auc = 0.970618 on epoch 9
round 0 best validation auc = 0.966145 on epoch 9
Epoch 10
round 0 best train auc = 0.970579 on epoch 9
round 0 best validation auc = 0.965448 on epoch 9
Epoch 10
round 0 best train auc = 0.972065 on epoch 9
round 0 best validation auc = 0.965829 on epoch 9
Epoch 10
round 0 best train auc = 0.970755 on epoch 9
round 0 best validation auc = 0.966672 on epoch 9
Epoch 10
round 0 best train auc = 0.970988 on epoch 10
round 0 best validation auc = 0.967436 on epoch 10
Epoch 11
round 0 best train auc = 0.972123 on epoch 10
round 0 best validation auc = 0.967233 on epoch 10
Epoch 11
round 0 best train auc = 0.972475 on epoch 10
round 0 best validation auc = 0.966300 on epoch 10
Epoch 11
round 0 best train auc = 0.973673 on epoch 10
round 0 best validation auc = 0.967120 on epoch 10
Epoch 11
round 0 best train auc = 0.971971 on epoch 10
round 0 best validation auc = 0.967950 on epoch 10
Epoch 11
round 0 best train auc = 0.974102 on epoch 11
round 0 best validation auc = 0.970549 on epoch 11
Epoch 12
round 0 best train auc = 0.973435 on epoch 11
round 0 best validation auc = 0.966950 on epoch 11
Epoch 12
round 0 best train auc = 0.974500 on epoch 11
round 0 best validation auc = 0.969354 on epoch 11
Epoch 12
round 0 best train auc = 0.975320 on epoch 11
round 0 best validation auc = 0.968420 on epoch 11
Epoch 12
round 0 best train auc = 0.973838 on epoch 11
round 0 best validation auc = 0.969663 on epoch 11
Epoch 12
round 0 best train auc = 0.974102 on epoch 11
round 0 best validation auc = 0.970549 on epoch 11
Epoch 13
round 0 best train auc = 0.975589 on epoch 12
round 0 best validation auc = 0.968839 on epoch 12
Epoch 13
round 0 best train auc = 0.974500 on epoch 11
round 0 best validation auc = 0.969354 on epoch 11
Epoch 13
round 0 best train auc = 0.975320 on epoch 11
round 0 best validation auc = 0.968420 on epoch 11
Epoch 13
round 0 best train auc = 0.975772 on epoch 12
round 0 best validation auc = 0.970562 on epoch 12
Epoch 13
round 0 best train auc = 0.976373 on epoch 13
round 0 best validation auc = 0.971825 on epoch 13
Epoch 14
round 0 best train auc = 0.975790 on epoch 13
round 0 best validation auc = 0.970483 on epoch 13
Epoch 14
round 0 best train auc = 0.976586 on epoch 13
round 0 best validation auc = 0.969830 on epoch 13
Epoch 14
round 0 best train auc = 0.977798 on epoch 13
round 0 best validation auc = 0.969838 on epoch 13
Epoch 14
round 0 best train auc = 0.977230 on epoch 13
round 0 best validation auc = 0.971867 on epoch 13
Epoch 14
round 0 best train auc = 0.977790 on epoch 14
round 0 best validation auc = 0.972726 on epoch 14
Epoch 15
round 0 best train auc = 0.977723 on epoch 14
round 0 best validation auc = 0.970598 on epoch 14
Epoch 15
round 0 best train auc = 0.977072 on epoch 14
round 0 best validation auc = 0.971231 on epoch 14
Epoch 15
round 0 best train auc = 0.978017 on epoch 14
round 0 best validation auc = 0.970220 on epoch 14
Epoch 15
round 0 best train auc = 0.978182 on epoch 14
round 0 best validation auc = 0.972133 on epoch 14
Epoch 15
round 0 best train auc = 0.979147 on epoch 15
round 0 best validation auc = 0.973156 on epoch 15
Epoch 16
round 0 best train auc = 0.977723 on epoch 14
round 0 best validation auc = 0.970598 on epoch 14
Epoch 16
round 0 best train auc = 0.978731 on epoch 15
round 0 best validation auc = 0.972416 on epoch 15
Epoch 16
round 0 best train auc = 0.979165 on epoch 15
round 0 best validation auc = 0.970685 on epoch 15
Epoch 16
round 0 best train auc = 0.979847 on epoch 15
round 0 best validation auc = 0.973485 on epoch 15
Epoch 16
round 0 best train auc = 0.980201 on epoch 16
round 0 best validation auc = 0.974632 on epoch 16
Epoch 17
round 0 best train auc = 0.978947 on epoch 16
round 0 best validation auc = 0.971187 on epoch 16
Epoch 17
round 0 best train auc = 0.979965 on epoch 16
round 0 best validation auc = 0.973356 on epoch 16
Epoch 17
round 0 best train auc = 0.980156 on epoch 16
round 0 best validation auc = 0.971454 on epoch 16
Epoch 17
round 0 best train auc = 0.980906 on epoch 16
round 0 best validation auc = 0.973924 on epoch 16
Epoch 17
round 0 best train auc = 0.980201 on epoch 16
round 0 best validation auc = 0.974632 on epoch 16
Epoch 18
round 0 best train auc = 0.980500 on epoch 17
round 0 best validation auc = 0.972321 on epoch 17
Epoch 18
round 0 best train auc = 0.979965 on epoch 16
round 0 best validation auc = 0.973356 on epoch 16
Epoch 18
round 0 best train auc = 0.981910 on epoch 17
round 0 best validation auc = 0.972739 on epoch 17
Epoch 18
round 0 best train auc = 0.980906 on epoch 16
round 0 best validation auc = 0.973924 on epoch 16
Epoch 18
round 0 best train auc = 0.982180 on epoch 18
round 0 best validation auc = 0.975158 on epoch 18
Epoch 19
round 0 best train auc = 0.980775 on epoch 18
round 0 best validation auc = 0.972487 on epoch 18
Epoch 19
round 0 best train auc = 0.981529 on epoch 18
round 0 best validation auc = 0.973724 on epoch 18
Epoch 19
round 0 best train auc = 0.982612 on epoch 18
round 0 best validation auc = 0.972903 on epoch 18
Epoch 19
round 0 best train auc = 0.982397 on epoch 18
round 0 best validation auc = 0.974672 on epoch 18
Epoch 19
round 0 best train auc = 0.982925 on epoch 19
round 0 best validation auc = 0.975647 on epoch 19
Epoch 20
round 0 best train auc = 0.980775 on epoch 18
round 0 best validation auc = 0.972487 on epoch 18
Epoch 20
round 0 best train auc = 0.982803 on epoch 19
round 0 best validation auc = 0.974916 on epoch 19
Epoch 20
round 0 best train auc = 0.982612 on epoch 18
round 0 best validation auc = 0.972903 on epoch 18
Epoch 20
round 0 best train auc = 0.982397 on epoch 18
round 0 best validation auc = 0.974672 on epoch 18
Epoch 20
round 0 best train auc = 0.983524 on epoch 20
round 0 best validation auc = 0.976068 on epoch 20
Epoch 21
round 0 best train auc = 0.983432 on epoch 20
round 0 best validation auc = 0.973685 on epoch 20
Epoch 21
round 0 best train auc = 0.983627 on epoch 20
round 0 best validation auc = 0.975302 on epoch 20
Epoch 21
round 0 best train auc = 0.984434 on epoch 20
round 0 best validation auc = 0.973622 on epoch 20
Epoch 21
round 0 best train auc = 0.983668 on epoch 20
round 0 best validation auc = 0.974861 on epoch 20
Epoch 21
round 0 best train auc = 0.984477 on epoch 21
round 0 best validation auc = 0.976535 on epoch 21
Epoch 22
round 0 best train auc = 0.983432 on epoch 20
round 0 best validation auc = 0.973685 on epoch 20
Epoch 22
round 0 best train auc = 0.984587 on epoch 21
round 0 best validation auc = 0.976143 on epoch 21
Epoch 22
round 0 best train auc = 0.984695 on epoch 21
round 0 best validation auc = 0.974022 on epoch 21
Epoch 22
round 0 best train auc = 0.984783 on epoch 21
round 0 best validation auc = 0.975849 on epoch 21
Epoch 22
round 0 best train auc = 0.985018 on epoch 22
round 0 best validation auc = 0.977171 on epoch 22
Epoch 23
round 0 best train auc = 0.983432 on epoch 20
round 0 best validation auc = 0.973685 on epoch 20
Epoch 23
round 0 best train auc = 0.984920 on epoch 22
round 0 best validation auc = 0.976181 on epoch 22
Epoch 23
round 0 best train auc = 0.985801 on epoch 22
round 0 best validation auc = 0.974505 on epoch 22
Epoch 23
round 0 best train auc = 0.985299 on epoch 22
round 0 best validation auc = 0.976630 on epoch 22
Epoch 23
round 0 best train auc = 0.986220 on epoch 23
round 0 best validation auc = 0.977429 on epoch 23
Epoch 24
round 0 best train auc = 0.984056 on epoch 23
round 0 best validation auc = 0.974029 on epoch 23
Epoch 24
round 0 best train auc = 0.986230 on epoch 23
round 0 best validation auc = 0.977067 on epoch 23
Epoch 24
round 0 best train auc = 0.986382 on epoch 23
round 0 best validation auc = 0.975029 on epoch 23
Epoch 24
round 0 best train auc = 0.985299 on epoch 22
round 0 best validation auc = 0.976630 on epoch 22
Epoch 24
round 0 best train auc = 0.986550 on epoch 24
round 0 best validation auc = 0.977852 on epoch 24
Epoch 25
round 0 best train auc = 0.986482 on epoch 24
round 0 best validation auc = 0.975759 on epoch 24
Epoch 25
round 0 best train auc = 0.986230 on epoch 23
round 0 best validation auc = 0.977067 on epoch 23
Epoch 25
round 0 best train auc = 0.987404 on epoch 24
round 0 best validation auc = 0.975858 on epoch 24
Epoch 25
round 0 best train auc = 0.986933 on epoch 24
round 0 best validation auc = 0.976799 on epoch 24
Epoch 25
round 0 best train auc = 0.986550 on epoch 24
round 0 best validation auc = 0.977852 on epoch 24
Epoch 26
round 0 best train auc = 0.986482 on epoch 24
round 0 best validation auc = 0.975759 on epoch 24
Epoch 26
round 0 best train auc = 0.986230 on epoch 23
round 0 best validation auc = 0.977067 on epoch 23
Epoch 26
round 0 best train auc = 0.987404 on epoch 24
round 0 best validation auc = 0.975858 on epoch 24
Epoch 26
round 0 best train auc = 0.987689 on epoch 25
round 0 best validation auc = 0.976926 on epoch 25
Epoch 26
round 0 best train auc = 0.987512 on epoch 26
round 0 best validation auc = 0.978029 on epoch 26
Epoch 27
round 0 best train auc = 0.987205 on epoch 26
round 0 best validation auc = 0.976265 on epoch 26
Epoch 27
round 0 best train auc = 0.987071 on epoch 26
round 0 best validation auc = 0.977574 on epoch 26
Epoch 27
round 0 best train auc = 0.987404 on epoch 24
round 0 best validation auc = 0.975858 on epoch 24
Epoch 27
round 0 best train auc = 0.987689 on epoch 25
round 0 best validation auc = 0.976926 on epoch 25
Epoch 27
round 0 best train auc = 0.987756 on epoch 27
round 0 best validation auc = 0.978121 on epoch 27
Epoch 28
round 0 best train auc = 0.987205 on epoch 26
round 0 best validation auc = 0.976265 on epoch 26
Epoch 28
round 0 best train auc = 0.988437 on epoch 27
round 0 best validation auc = 0.977676 on epoch 27
Epoch 28
round 0 best train auc = 0.987404 on epoch 24
round 0 best validation auc = 0.975858 on epoch 24
Epoch 28
round 0 best train auc = 0.988558 on epoch 27
round 0 best validation auc = 0.977411 on epoch 27
Epoch 28
round 0 best train auc = 0.987756 on epoch 27
round 0 best validation auc = 0.978121 on epoch 27
Epoch 29
round 0 best train auc = 0.988206 on epoch 28
round 0 best validation auc = 0.976680 on epoch 28
Epoch 29
round 0 best train auc = 0.988825 on epoch 28
round 0 best validation auc = 0.978373 on epoch 28
Epoch 29
round 0 best train auc = 0.988778 on epoch 28
round 0 best validation auc = 0.976208 on epoch 28
Epoch 29
round 0 best train auc = 0.989253 on epoch 28
round 0 best validation auc = 0.978056 on epoch 28
Epoch 29
round 0 best train auc = 0.987756 on epoch 27
round 0 best validation auc = 0.978121 on epoch 27
Epoch 30
round 0 best train auc = 0.988997 on epoch 29
round 0 best validation auc = 0.977257 on epoch 29
Epoch 30
round 0 best train auc = 0.989390 on epoch 29
round 0 best validation auc = 0.978787 on epoch 29
Epoch 30
round 0 best train auc = 0.989719 on epoch 29
round 0 best validation auc = 0.977037 on epoch 29
Epoch 30
round 0 best train auc = 0.989253 on epoch 28
round 0 best validation auc = 0.978056 on epoch 28
Epoch 30
round 0 best train auc = 0.987756 on epoch 27
round 0 best validation auc = 0.978121 on epoch 27
Epoch 31
round 0 best train auc = 0.988997 on epoch 29
round 0 best validation auc = 0.977257 on epoch 29
Epoch 31
round 0 best train auc = 0.989390 on epoch 29
round 0 best validation auc = 0.978787 on epoch 29
Epoch 31
round 0 best train auc = 0.990576 on epoch 30
round 0 best validation auc = 0.977384 on epoch 30
Epoch 31
round 0 best train auc = 0.990229 on epoch 30
round 0 best validation auc = 0.978561 on epoch 30
Epoch 31
round 0 best train auc = 0.989770 on epoch 31
round 0 best validation auc = 0.978908 on epoch 31
Epoch 32
round 0 best train auc = 0.988997 on epoch 29
round 0 best validation auc = 0.977257 on epoch 29
Epoch 32
round 0 best train auc = 0.990312 on epoch 31
round 0 best validation auc = 0.979212 on epoch 31
Epoch 32
round 0 best train auc = 0.990576 on epoch 30
round 0 best validation auc = 0.977384 on epoch 30
Epoch 32
round 0 best train auc = 0.990229 on epoch 30
round 0 best validation auc = 0.978561 on epoch 30
Epoch 32
round 0 best train auc = 0.989721 on epoch 32
round 0 best validation auc = 0.978985 on epoch 32
Epoch 33
round 0 best train auc = 0.989853 on epoch 32
round 0 best validation auc = 0.977326 on epoch 32
Epoch 33
round 0 best train auc = 0.990312 on epoch 31
round 0 best validation auc = 0.979212 on epoch 31
Epoch 33
round 0 best train auc = 0.991730 on epoch 32
round 0 best validation auc = 0.977654 on epoch 32
Epoch 33
round 0 best train auc = 0.991213 on epoch 32
round 0 best validation auc = 0.978837 on epoch 32
Epoch 33
round 0 best train auc = 0.991328 on epoch 33
round 0 best validation auc = 0.979927 on epoch 33
Epoch 34
round 0 best train auc = 0.989853 on epoch 32
round 0 best validation auc = 0.977326 on epoch 32
Epoch 34
round 0 best train auc = 0.990312 on epoch 31
round 0 best validation auc = 0.979212 on epoch 31
Epoch 34
round 0 best train auc = 0.991730 on epoch 32
round 0 best validation auc = 0.977654 on epoch 32
Epoch 34
round 0 best train auc = 0.991213 on epoch 32
round 0 best validation auc = 0.978837 on epoch 32
Epoch 34
round 0 best train auc = 0.991623 on epoch 34
round 0 best validation auc = 0.980035 on epoch 34
Epoch 35
round 0 best train auc = 0.989853 on epoch 32
round 0 best validation auc = 0.977326 on epoch 32
Epoch 35
round 0 best train auc = 0.990312 on epoch 31
round 0 best validation auc = 0.979212 on epoch 31
Epoch 35
round 0 best train auc = 0.991730 on epoch 32
round 0 best validation auc = 0.977654 on epoch 32
Epoch 35
round 0 best train auc = 0.992174 on epoch 34
round 0 best validation auc = 0.978876 on epoch 34
Epoch 35
round 0 best train auc = 0.991926 on epoch 35
round 0 best validation auc = 0.980256 on epoch 35
Epoch 36
round 0 best train auc = 0.991816 on epoch 35
round 0 best validation auc = 0.978715 on epoch 35
Epoch 36
round 0 best train auc = 0.992234 on epoch 35
round 0 best validation auc = 0.979889 on epoch 35
Epoch 36
round 0 best train auc = 0.992414 on epoch 35
round 0 best validation auc = 0.978196 on epoch 35
Epoch 36
round 0 best train auc = 0.992174 on epoch 34
round 0 best validation auc = 0.978876 on epoch 34
Epoch 36
round 0 best train auc = 0.991926 on epoch 35
round 0 best validation auc = 0.980256 on epoch 35
Epoch 37
round 0 best train auc = 0.991816 on epoch 35
round 0 best validation auc = 0.978715 on epoch 35
Epoch 37
round 0 best train auc = 0.992307 on epoch 36
round 0 best validation auc = 0.980162 on epoch 36
Epoch 37
round 0 best train auc = 0.992414 on epoch 35
round 0 best validation auc = 0.978196 on epoch 35
Epoch 37
round 0 best train auc = 0.992174 on epoch 34
round 0 best validation auc = 0.978876 on epoch 34
Epoch 37
round 0 best train auc = 0.992656 on epoch 37
round 0 best validation auc = 0.980576 on epoch 37
Epoch 38
round 0 best train auc = 0.991816 on epoch 35
round 0 best validation auc = 0.978715 on epoch 35
Epoch 38
round 0 best train auc = 0.992307 on epoch 36
round 0 best validation auc = 0.980162 on epoch 36
Epoch 38
round 0 best train auc = 0.992414 on epoch 35
round 0 best validation auc = 0.978196 on epoch 35
Epoch 38
round 0 best train auc = 0.992884 on epoch 37
round 0 best validation auc = 0.979429 on epoch 37
Epoch 38
round 0 best train auc = 0.992656 on epoch 37
round 0 best validation auc = 0.980576 on epoch 37
Epoch 39
round 0 best train auc = 0.992675 on epoch 38
round 0 best validation auc = 0.979019 on epoch 38
Epoch 39
round 0 best train auc = 0.993052 on epoch 38
round 0 best validation auc = 0.980530 on epoch 38
Epoch 39
round 0 best train auc = 0.992414 on epoch 35
round 0 best validation auc = 0.978196 on epoch 35
Epoch 39
round 0 best train auc = 0.992884 on epoch 37
round 0 best validation auc = 0.979429 on epoch 37
Epoch 39
round 0 best train auc = 0.992656 on epoch 37
round 0 best validation auc = 0.980576 on epoch 37
Epoch 40
round 0 best train auc = 0.991730 on epoch 39
round 0 best validation auc = 0.979084 on epoch 39
Epoch 40
round 0 best train auc = 0.993052 on epoch 38
round 0 best validation auc = 0.980530 on epoch 38
Epoch 40
round 0 best train auc = 0.992414 on epoch 35
round 0 best validation auc = 0.978196 on epoch 35
Epoch 40
round 0 best train auc = 0.992884 on epoch 37
round 0 best validation auc = 0.979429 on epoch 37
Epoch 40
round 0 best train auc = 0.993755 on epoch 40
round 0 best validation auc = 0.980817 on epoch 40
Epoch 41
round 0 best train auc = 0.991730 on epoch 39
round 0 best validation auc = 0.979084 on epoch 39
Epoch 41
round 0 best train auc = 0.993052 on epoch 38
round 0 best validation auc = 0.980530 on epoch 38
Epoch 41
round 0 best train auc = 0.992414 on epoch 35
round 0 best validation auc = 0.978196 on epoch 35
Epoch 41
round 0 best train auc = 0.992884 on epoch 37
round 0 best validation auc = 0.979429 on epoch 37
Epoch 41
round 0 best train auc = 0.993755 on epoch 40
round 0 best validation auc = 0.980817 on epoch 40
Epoch 42
round 0 best train auc = 0.993978 on epoch 41
round 0 best validation auc = 0.979187 on epoch 41
Epoch 42
round 0 best train auc = 0.993052 on epoch 38
round 0 best validation auc = 0.980530 on epoch 38
Epoch 42
round 0 best train auc = 0.994137 on epoch 41
round 0 best validation auc = 0.978937 on epoch 41
Epoch 42
round 0 best train auc = 0.992884 on epoch 37
round 0 best validation auc = 0.979429 on epoch 37
Epoch 42
round 0 best train auc = 0.993755 on epoch 40
round 0 best validation auc = 0.980817 on epoch 40
Epoch 43
round 0 best train auc = 0.993978 on epoch 41
round 0 best validation auc = 0.979187 on epoch 41
Epoch 43
round 0 best train auc = 0.994648 on epoch 42
round 0 best validation auc = 0.980794 on epoch 42
Epoch 43
round 0 best train auc = 0.994137 on epoch 41
round 0 best validation auc = 0.978937 on epoch 41
Epoch 43
round 0 best train auc = 0.992884 on epoch 37
round 0 best validation auc = 0.979429 on epoch 37
Epoch 43
round 0 best train auc = 0.993978 on epoch 41
round 0 best validation auc = 0.979187 on epoch 41
Epoch 44
round 0 best train auc = 0.993755 on epoch 40
round 0 best validation auc = 0.980817 on epoch 40
Epoch 44
round 0 best train auc = 0.994126 on epoch 43
round 0 best validation auc = 0.980923 on epoch 43
Epoch 44
round 0 best train auc = 0.994137 on epoch 41
round 0 best validation auc = 0.978937 on epoch 41
Epoch 44
round 0 best train auc = 0.992884 on epoch 37
round 0 best validation auc = 0.979429 on epoch 37
Epoch 44
round 0 best train auc = 0.994610 on epoch 44
round 0 best validation auc = 0.979604 on epoch 44
Epoch 45
round 0 best train auc = 0.993755 on epoch 40
round 0 best validation auc = 0.980817 on epoch 40
Epoch 45
round 0 best train auc = 0.995122 on epoch 44
round 0 best validation auc = 0.981136 on epoch 44
Epoch 45
round 0 best train auc = 0.995172 on epoch 44
round 0 best validation auc = 0.979341 on epoch 44
Epoch 45
round 0 best train auc = 0.992884 on epoch 37
round 0 best validation auc = 0.979429 on epoch 37
Epoch 45
round 0 best train auc = 0.994829 on epoch 45
round 0 best validation auc = 0.979864 on epoch 45
Epoch 46
round 0 best train auc = 0.994648 on epoch 45
round 0 best validation auc = 0.980907 on epoch 45
Epoch 46
round 0 best train auc = 0.995122 on epoch 44
round 0 best validation auc = 0.981136 on epoch 44
Epoch 46
round 0 best train auc = 0.995172 on epoch 44
round 0 best validation auc = 0.979341 on epoch 44
Epoch 46
round 0 best train auc = 0.992884 on epoch 37
round 0 best validation auc = 0.979429 on epoch 37
Epoch 46
round 0 best train auc = 0.994829 on epoch 45
round 0 best validation auc = 0.979864 on epoch 45
Epoch 47
round 0 best train auc = 0.994648 on epoch 45
round 0 best validation auc = 0.980907 on epoch 45
Epoch 47
round 0 best train auc = 0.995414 on epoch 46
round 0 best validation auc = 0.981552 on epoch 46
Epoch 47
round 0 best train auc = 0.995172 on epoch 44
round 0 best validation auc = 0.979341 on epoch 44
Epoch 47
round 0 best train auc = 0.992884 on epoch 37
round 0 best validation auc = 0.979429 on epoch 37
Epoch 47
round 0 best train auc = 0.995521 on epoch 47
round 0 best validation auc = 0.980185 on epoch 47
Epoch 48
round 0 best train auc = 0.994659 on epoch 47
round 0 best validation auc = 0.980978 on epoch 47
Epoch 48
round 0 best train auc = 0.995414 on epoch 46
round 0 best validation auc = 0.981552 on epoch 46
Epoch 48
round 0 best train auc = 0.995172 on epoch 44
round 0 best validation auc = 0.979341 on epoch 44
Epoch 48
round 0 best train auc = 0.995433 on epoch 47
round 0 best validation auc = 0.979542 on epoch 47
Epoch 48
round 0 best train auc = 0.995521 on epoch 47
round 0 best validation auc = 0.980185 on epoch 47
Epoch 49
round 0 best train auc = 0.994659 on epoch 47
round 0 best validation auc = 0.980978 on epoch 47
Epoch 49
round 0 best train auc = 0.995414 on epoch 46
round 0 best validation auc = 0.981552 on epoch 46
Epoch 49
round 0 best train auc = 0.995172 on epoch 44
round 0 best validation auc = 0.979341 on epoch 44
Epoch 49
round 0 best train auc = 0.995822 on epoch 48
round 0 best validation auc = 0.980205 on epoch 48
Epoch 49
round 0 best train auc = 0.995521 on epoch 47
round 0 best validation auc = 0.980185 on epoch 47
round 0 best train auc = 0.995414 on epoch 46
round 0 best validation auc = 0.981552 on epoch 46
round 0 best train auc = 0.994659 on epoch 47
round 0 best validation auc = 0.980978 on epoch 47
round 0 best train auc = 0.995172 on epoch 44
round 0 best validation auc = 0.979341 on epoch 44
round 0 best train auc = 0.995822 on epoch 48
round 0 best validation auc = 0.980205 on epoch 48
Command line
python train_2_for_datasets.py --data_path ../datasets/marketdrug/invivo_allainstock_KNIME_rm_nu_11-24_train.csv --dataset_type classification --num_workers 2 --save_dir ../pipeline/druglikeness/normal_active_alldruglikeainstock_v4_nopretrain_firsttrain_05-10 --epochs 50 --features_path ../datasets/marketdrug/invivo_allainstock_KNIME_rm_nu_11-24_train_rdkit_2d_normalized.npy --separate_test_path ../datasets/marketdrug/Plk1-result-14_KNIME.csv --separate_test_features_path ../datasets/marketdrug/Plk1-result-14_KNIME_rdkit_2d_normalized.npy --no_features_scaling --metric auc --init_lr 5e-4 --max_lr 5e-4 --final_lr 5e-4 --s ../pipeline/marketdrug/Plk1-result-14_model1_firsttrain_05-13_s --mode active --depth 2 --hidden_size 300 --ffn_num_layer 2 --batch_size 500 --target_columns label --smiles_column smiles
Command line
python train_2_for_datasets.py --data_path ../datasets/marketdrug/invivo_allainstock_KNIME_rm_nu_11-24_train.csv --dataset_type classification --num_workers 2 --save_dir ../pipeline/druglikeness/normal_active_alldruglikeainstock_v4_nopretrain_firsttrain_05-10 --epochs 50 --separate_test_path ../datasets/marketdrug/Plk1-result-14_KNIME.csv --features_generator rdkit_2d_normalized --no_features_scaling --metric auc --init_lr 5e-4 --max_lr 5e-4 --final_lr 5e-4 --s ../pipeline/marketdrug/Plk1-result-14_model1_firsttrain_05-14_s --mode active --depth 2 --hidden_size 300 --ffn_num_layer 2 --batch_size 500 --target_columns label --smiles_column smiles
Command line
python train_2_for_datasets.py --data_path ../datasets/marketdrug/invivo_allainstock_KNIME_rm_nu_11-24_train.csv --dataset_type classification --num_workers 2 --save_dir ../pipeline/druglikeness/normal_active_alldruglikeainstock_v4_nopretrain_firsttrain_05-10 --epochs 50 --separate_test_path ../datasets/marketdrug/Plk1-result-14_KNIME.csv --features_generator rdkit_2d_normalized --no_features_scaling --metric auc --init_lr 5e-4 --max_lr 5e-4 --final_lr 5e-4 --s ../pipeline/marketdrug/Plk1-result-14_model1_firsttrain_05-14_s --mode active --depth 2 --hidden_size 300 --ffn_num_layer 2 --batch_size 500 --target_columns label --smiles_column smiles
Command line
python train_2_for_datasets.py --data_path ../datasets/marketdrug/invivo_allainstock_KNIME_rm_nu_11-24_train.csv --dataset_type classification --num_workers 2 --save_dir ../pipeline/druglikeness/normal_active_alldruglikeainstock_v4_nopretrain_firsttrain_05-10 --epochs 50 --separate_test_path ../datasets/marketdrug/Plk1-result-14_KNIME.csv --features_generator rdkit_2d_normalized --no_features_scaling --metric auc --init_lr 5e-4 --max_lr 5e-4 --final_lr 5e-4 --s ../pipeline/marketdrug/Plk1-result-14_model1_firsttrain_05-14_s --mode active --depth 2 --hidden_size 300 --ffn_num_layer 2 --batch_size 500 --target_columns label --smiles_column smiles
Command line
python train_2_for_datasets.py --data_path ../datasets/marketdrug/invivo_allainstock_KNIME_rm_nu_11-24_train.csv --dataset_type classification --num_workers 2 --save_dir ../pipeline/druglikeness/normal_active_alldruglikeainstock_v4_nopretrain_firsttrain_05-10 --epochs 50 --separate_test_path ../datasets/marketdrug/Plk1-result-14_KNIME.csv --features_generator rdkit_2d_normalized --no_features_scaling --metric auc --init_lr 5e-4 --max_lr 5e-4 --final_lr 5e-4 --s ../pipeline/marketdrug/test_s --mode active --depth 2 --hidden_size 300 --ffn_num_layer 2 --outputfile test.csv --batch_size 500 --target_columns label --smiles_column smiles
Command line
python train_2_for_datasets.py --data_path ../datasets/marketdrug/invivo_allainstock_KNIME_rm_nu_11-24_train.csv --dataset_type classification --num_workers 2 --save_dir ../pipeline/druglikeness/normal_active_alldruglikeainstock_v4_nopretrain_firsttrain_05-10 --epochs 50 --separate_test_path ../datasets/marketdrug/Plk1-result-14_KNIME.csv --features_generator rdkit_2d_normalized --no_features_scaling --metric auc --init_lr 5e-4 --max_lr 5e-4 --final_lr 5e-4 --s ../pipeline/marketdrug/test_s --mode active --depth 2 --hidden_size 300 --ffn_num_layer 2 --outputfile test.csv --batch_size 500 --target_columns label --smiles_column smiles
Command line
python train_2_for_datasets.py --data_path ../datasets/marketdrug/invivo_allainstock_KNIME_rm_nu_11-24_train.csv --dataset_type classification --num_workers 2 --save_dir ../pipeline/druglikeness/normal_active_alldruglikeainstock_v4_nopretrain_firsttrain_05-10 --epochs 50 --separate_test_path ../datasets/marketdrug/Plk1-result-14_KNIME.csv --features_generator rdkit_2d_normalized --no_features_scaling --metric auc --init_lr 5e-4 --max_lr 5e-4 --final_lr 5e-4 --s ../pipeline/marketdrug/test_s --mode active --depth 2 --hidden_size 300 --ffn_num_layer 2 --outputfile test.csv --batch_size 500 --target_columns label --smiles_column smiles
Command line
python train_2_for_datasets.py --data_path ../datasets/marketdrug/invivo_allainstock_KNIME_rm_nu_11-24_train.csv --dataset_type classification --num_workers 2 --save_dir ../pipeline/druglikeness/normal_active_alldruglikeainstock_v4_nopretrain_firsttrain_05-10 --epochs 50 --separate_test_path ../datasets/marketdrug/Plk1-result-14_KNIME.csv --features_generator rdkit_2d_normalized --no_features_scaling --metric auc --init_lr 5e-4 --max_lr 5e-4 --final_lr 5e-4 --s ../pipeline/marketdrug/test_s --mode active --depth 2 --hidden_size 300 --ffn_num_layer 2 --outputfile test.csv --batch_size 500 --target_columns label --smiles_column smiles
Command line
python train_2_for_datasets.py --data_path ../datasets/marketdrug/invivo_allainstock_KNIME_rm_nu_11-24_train.csv --dataset_type classification --num_workers 2 --save_dir ../pipeline/druglikeness/normal_active_alldruglikeainstock_v4_nopretrain_firsttrain_05-10 --epochs 50 --separate_test_path ../datasets/marketdrug/Plk1-result-14_KNIME.csv --features_generator rdkit_2d_normalized --no_features_scaling --metric auc --init_lr 5e-4 --max_lr 5e-4 --final_lr 5e-4 --s ../pipeline/marketdrug/test1_s --mode active --depth 2 --hidden_size 300 --ffn_num_layer 2 --outputfile test_model1.csv --batch_size 500 --target_columns label --smiles_column smiles
Command line
python train_2_for_datasets.py --data_path ../datasets/marketdrug/invivo_allainstock_KNIME_rm_nu_11-24_train.csv --dataset_type classification --num_workers 2 --save_dir ../pipeline/druglikeness/normal_active_alldruglikeainstock_v4_nopretrain_firsttrain_05-10 --epochs 50 --separate_test_path ../datasets/marketdrug/Plk1-result-14_KNIME.csv --features_generator rdkit_2d_normalized --no_features_scaling --metric auc --init_lr 5e-4 --max_lr 5e-4 --final_lr 5e-4 --s ../pipeline/marketdrug/test1_s --mode active --depth 2 --hidden_size 300 --ffn_num_layer 2 --outputfile test_model1.csv --batch_size 500 --target_columns label --smiles_column smiles
Command line
python train_2_for_datasets.py --data_path ../datasets/marketdrug/invivo_allainstock_KNIME_rm_nu_11-24_train.csv --dataset_type classification --num_workers 2 --save_dir ../pipeline/druglikeness/normal_active_alldruglikeainstock_v4_nopretrain_firsttrain_05-10 --epochs 50 --separate_test_path ./Helloworld/media/Plk1-result-14.csv --features_generator rdkit_2d_normalized --no_features_scaling --metric auc --init_lr 5e-4 --max_lr 5e-4 --final_lr 5e-4 --s ../pipeline/marketdrug/test1_s --mode active --depth 2 --hidden_size 300 --ffn_num_layer 2 --outputfile test_model1.csv --batch_size 500 --target_columns label --smiles_column smiles
Command line
python train_2_for_datasets.py --data_path ../datasets/marketdrug/invivo_allainstock_KNIME_rm_nu_11-24_train.csv --dataset_type classification --num_workers 2 --save_dir ../pipeline/druglikeness/normal_active_alldruglikeainstock_v4_nopretrain_firsttrain_05-10 --epochs 50 --separate_test_path ./Helloworld/media/Plk1-result-14_KNIME.csv --features_generator rdkit_2d_normalized --no_features_scaling --metric auc --init_lr 5e-4 --max_lr 5e-4 --final_lr 5e-4 --s ../pipeline/marketdrug/test1_s --mode active --depth 2 --hidden_size 300 --ffn_num_layer 2 --outputfile test_model1.csv --batch_size 500 --target_columns label --smiles_column smiles
Command line
python train_2_for_datasets.py --data_path ../datasets/marketdrug/invivo_allainstock_KNIME_rm_nu_11-24_train.csv --dataset_type classification --num_workers 2 --save_dir ../pipeline/druglikeness/normal_active_alldruglikeainstock_v4_nopretrain_firsttrain_05-10 --epochs 50 --separate_test_path ./Helloworld/media/Plk1-result-14_KNIME.csv --features_generator rdkit_2d_normalized --no_features_scaling --metric auc --init_lr 5e-4 --max_lr 5e-4 --final_lr 5e-4 --s ../pipeline/marketdrug/test1_s --mode active --depth 2 --hidden_size 300 --ffn_num_layer 2 --outputfile test_model1.csv --batch_size 500 --target_columns label --smiles_column smiles
Command line
python train_2_for_datasets.py --data_path ../datasets/marketdrug/invivo_allainstock_KNIME_rm_nu_11-24_train.csv --dataset_type classification --num_workers 2 --save_dir ../pipeline/druglikeness/normal_active_alldruglikeainstock_v4_nopretrain_firsttrain_05-10 --epochs 50 --separate_test_path ./Helloworld/media/Plk1-result-14_KNIME.csv --features_generator rdkit_2d_normalized --no_features_scaling --metric auc --init_lr 5e-4 --max_lr 5e-4 --final_lr 5e-4 --s ../pipeline/marketdrug/test1_s --mode active --depth 2 --hidden_size 300 --ffn_num_layer 2 --outputfile test_model1.csv --batch_size 500 --target_columns label --smiles_column smiles
Command line
python train_2_for_datasets.py --data_path ../datasets/marketdrug/invivo_allainstock_KNIME_rm_nu_11-24_train.csv --dataset_type classification --num_workers 2 --save_dir ../pipeline/druglikeness/normal_active_alldruglikeainstock_v4_nopretrain_firsttrain_05-10 --epochs 50 --separate_test_path ./Helloworld/media/Plk1-result-14_KNIME_7HvFL6o.csv --features_generator rdkit_2d_normalized --no_features_scaling --metric auc --init_lr 5e-4 --max_lr 5e-4 --final_lr 5e-4 --s ../pipeline/marketdrug/test1_s --mode active --depth 2 --hidden_size 300 --ffn_num_layer 2 --outputfile test_model1.csv --batch_size 500 --target_columns label --smiles_column smiles
Command line
python train_2_for_datasets.py --data_path ../datasets/marketdrug/invivo_allainstock_KNIME_rm_nu_11-24_train.csv --dataset_type classification --num_workers 2 --save_dir ../pipeline/druglikeness/normal_active_alldruglikeainstock_v4_nopretrain_firsttrain_05-10 --epochs 50 --separate_test_path ./Helloworld/media/Plk1-result-14_KNIME.csv --features_generator rdkit_2d_normalized --no_features_scaling --metric auc --init_lr 5e-4 --max_lr 5e-4 --final_lr 5e-4 --s ../pipeline/marketdrug/test1_s --mode active --depth 2 --hidden_size 300 --ffn_num_layer 2 --outputfile test_model1.csv --batch_size 500 --target_columns label --smiles_column smiles
Command line
python train_2_for_datasets.py --data_path ../datasets/marketdrug/invivo_allainstock_KNIME_rm_nu_11-24_train.csv --dataset_type classification --num_workers 2 --save_dir ../pipeline/druglikeness/normal_active_alldruglikeainstock_v4_nopretrain_firsttrain_05-10 --epochs 50 --separate_test_path ./Helloworld/media/Plk1-result-14_KNIME_oS2l4GP.csv --features_generator rdkit_2d_normalized --no_features_scaling --metric auc --init_lr 5e-4 --max_lr 5e-4 --final_lr 5e-4 --s ../pipeline/marketdrug/test1_s --mode active --depth 2 --hidden_size 300 --ffn_num_layer 2 --outputfile test_model1.csv --batch_size 500 --target_columns label --smiles_column smiles
Command line
python train_2_for_datasets.py --data_path ../datasets/marketdrug/invivo_allainstock_KNIME_rm_nu_11-24_train.csv --dataset_type classification --num_workers 2 --save_dir ../pipeline/druglikeness/normal_active_alldruglikeainstock_v4_nopretrain_firsttrain_05-10 --epochs 50 --separate_test_path ./Helloworld/media/Plk1-result-14_KNIME_GTqV0Jx.csv --features_generator rdkit_2d_normalized --no_features_scaling --metric auc --init_lr 5e-4 --max_lr 5e-4 --final_lr 5e-4 --s ../pipeline/marketdrug/test1_s --mode active --depth 2 --hidden_size 300 --ffn_num_layer 2 --outputfile test_model1.csv --batch_size 500 --target_columns label --smiles_column smiles
Command line
python train_2_for_datasets.py --data_path ../datasets/marketdrug/invivo_allainstock_KNIME_rm_nu_11-24_train.csv --dataset_type classification --num_workers 2 --save_dir ../pipeline/druglikeness/normal_active_alldruglikeainstock_v4_nopretrain_firsttrain_05-10 --epochs 50 --separate_test_path ./Helloworld/media/Plk1-result-14_KNIME.csv --features_generator rdkit_2d_normalized --no_features_scaling --metric auc --init_lr 5e-4 --max_lr 5e-4 --final_lr 5e-4 --s ../pipeline/marketdrug/test1_s --mode active --depth 2 --hidden_size 300 --ffn_num_layer 2 --outputfile test_model1.csv --batch_size 500 --target_columns label --smiles_column smiles
Command line
python train_2_for_datasets.py --data_path ../datasets/marketdrug/invivo_allainstock_KNIME_rm_nu_11-24_train.csv --dataset_type classification --num_workers 2 --save_dir ../pipeline/druglikeness/normal_active_alldruglikeainstock_v4_nopretrain_firsttrain_05-10 --epochs 50 --separate_test_path ./Helloworld/media/Plk1-result-14_KNIME.csv --features_generator rdkit_2d_normalized --no_features_scaling --metric auc --init_lr 5e-4 --max_lr 5e-4 --final_lr 5e-4 --s ../pipeline/marketdrug/test1_s --mode active --depth 2 --hidden_size 300 --ffn_num_layer 2 --outputfile test_model1.csv --batch_size 500 --target_columns label --smiles_column smiles
Command line
python train_2_for_datasets.py --data_path ../datasets/marketdrug/invivo_allainstock_KNIME_rm_nu_11-24_train.csv --dataset_type classification --num_workers 2 --save_dir ../pipeline/druglikeness/normal_active_alldruglikeainstock_v4_nopretrain_firsttrain_05-10 --epochs 50 --separate_test_path ./Helloworld/media/Plk1-result-14_KNIME.csv --features_generator rdkit_2d_normalized --no_features_scaling --metric auc --init_lr 5e-4 --max_lr 5e-4 --final_lr 5e-4 --s ../pipeline/marketdrug/test1_s --mode active --depth 2 --hidden_size 300 --ffn_num_layer 2 --outputfile test_model1.csv --batch_size 500 --target_columns label --smiles_column smiles
Command line
python train_2_for_datasets.py --data_path ../datasets/marketdrug/invivo_allainstock_KNIME_rm_nu_11-24_train.csv --dataset_type classification --num_workers 2 --save_dir ../pipeline/druglikeness/normal_active_alldruglikeainstock_v4_nopretrain_firsttrain_05-10 --epochs 50 --separate_test_path ./Helloworld/media/Plk1-result-14_KNIME.csv --features_generator rdkit_2d_normalized --no_features_scaling --metric auc --init_lr 5e-4 --max_lr 5e-4 --final_lr 5e-4 --s ../pipeline/marketdrug/test1_s --mode active --depth 2 --hidden_size 300 --ffn_num_layer 2 --outputfile test_model1.csv --batch_size 500 --target_columns label --smiles_column smiles
Command line
python train_2_for_datasets.py --data_path ../datasets/marketdrug/invivo_allainstock_KNIME_rm_nu_11-24_train.csv --dataset_type classification --num_workers 2 --save_dir ../pipeline/druglikeness/normal_active_alldruglikeainstock_v4_nopretrain_firsttrain_05-10 --epochs 50 --separate_test_path ./Helloworld/media/Plk1-result-14_KNIME_AjTcNrW.csv --features_generator rdkit_2d_normalized --no_features_scaling --metric auc --init_lr 5e-4 --max_lr 5e-4 --final_lr 5e-4 --s ../pipeline/marketdrug/test1_s --mode active --depth 2 --hidden_size 300 --ffn_num_layer 2 --outputfile test_model1.csv --batch_size 500 --target_columns label --smiles_column smiles
Command line
python train_2_for_datasets.py --data_path ../datasets/marketdrug/invivo_allainstock_KNIME_rm_nu_11-24_train.csv --dataset_type classification --num_workers 2 --save_dir ../pipeline/druglikeness/normal_active_alldruglikeainstock_v4_nopretrain_firsttrain_05-10 --epochs 50 --separate_test_path ./Helloworld/media/Plk1-result-14_KNIME.csv --features_generator rdkit_2d_normalized --no_features_scaling --metric auc --init_lr 5e-4 --max_lr 5e-4 --final_lr 5e-4 --s ../pipeline/marketdrug/test1_s --mode active --depth 2 --hidden_size 300 --ffn_num_layer 2 --outputfile test_model1.csv --batch_size 500 --target_columns label --smiles_column smiles
Command line
python train_2_for_datasets.py --data_path ../datasets/marketdrug/invivo_allainstock_KNIME_rm_nu_11-24_train.csv --dataset_type classification --num_workers 2 --save_dir ../pipeline/druglikeness/normal_active_alldruglikeainstock_v4_nopretrain_firsttrain_05-10 --epochs 50 --separate_test_path ./Helloworld/media/Plk1-result-14_KNIME.csv --features_generator rdkit_2d_normalized --no_features_scaling --metric auc --init_lr 5e-4 --max_lr 5e-4 --final_lr 5e-4 --s ../pipeline/marketdrug/test1_s --mode active --depth 2 --hidden_size 300 --ffn_num_layer 2 --outputfile test_model1.csv --batch_size 500 --target_columns label --smiles_column smiles
Command line
python train_2_for_datasets.py --data_path ../datasets/marketdrug/invivo_allainstock_KNIME_rm_nu_11-24_train.csv --dataset_type classification --num_workers 2 --save_dir ../pipeline/druglikeness/normal_active_alldruglikeainstock_v4_nopretrain_firsttrain_05-10 --epochs 50 --separate_test_path ./Helloworld/media/Plk1-result-14_KNIME.csv --features_generator rdkit_2d_normalized --no_features_scaling --metric auc --init_lr 5e-4 --max_lr 5e-4 --final_lr 5e-4 --s ../pipeline/marketdrug/test1_s --mode active --depth 2 --hidden_size 300 --ffn_num_layer 2 --outputfile test_model1.csv --batch_size 500 --target_columns label --smiles_column smiles
Command line
python train_2_for_datasets.py --data_path ../datasets/marketdrug/invivo_allainstock_KNIME_rm_nu_11-24_train.csv --dataset_type classification --num_workers 2 --save_dir ../pipeline/druglikeness/normal_active_alldruglikeainstock_v4_nopretrain_firsttrain_05-10 --epochs 50 --separate_test_path ./Helloworld/media/Plk1-result-14_KNIME.csv --features_generator rdkit_2d_normalized --no_features_scaling --metric auc --init_lr 5e-4 --max_lr 5e-4 --final_lr 5e-4 --s ../pipeline/marketdrug/test1_s --mode active --depth 2 --hidden_size 300 --ffn_num_layer 2 --outputfile test_model1.csv --batch_size 500 --target_columns label --smiles_column smiles
Command line
python train_2_for_datasets.py --data_path ../datasets/marketdrug/invivo_allainstock_KNIME_rm_nu_11-24_train.csv --dataset_type classification --num_workers 2 --save_dir ../pipeline/druglikeness/normal_active_alldruglikeainstock_v4_nopretrain_firsttrain_05-10 --epochs 50 --features_path ../datasets/marketdrug/invivo_allainstock_KNIME_rm_nu_11-24_train_rdkit_2d_normalized.npy --separate_test_path ../datasets/marketdrug/Plk1-result-14_KNIME.csv --separate_test_features_path ../datasets/marketdrug/Plk1-result-14_KNIME_rdkit_2d_normalized.npy --no_features_scaling --metric auc --init_lr 5e-4 --max_lr 5e-4 --final_lr 5e-4 --s ../pipeline/marketdrug/Plk1-result-14_model1_firsttrain_05-13_s --mode active --depth 2 --hidden_size 300 --ffn_num_layer 2 --batch_size 500 --target_columns label --smiles_column smiles
Command line
python train_2_for_datasets.py --data_path ../datasets/marketdrug/invivo_allainstock_KNIME_rm_nu_11-24_train.csv --dataset_type classification --num_workers 2 --save_dir ../pipeline/druglikeness/normal_active_alldruglikeainstock_v4_nopretrain_firsttrain_05-10 --epochs 50 --separate_test_path druglikeness/tmp/507f0a35456c339f3dbeb91dd788224609961d5df6c2fa7e1993e31e161baeee/page17and54_KNIME.csv --features_generator rdkit_2d_normalized --no_features_scaling --metric auc --init_lr 5e-4 --max_lr 5e-4 --final_lr 5e-4 --s ../pipeline/server/test1_s --mode active --depth 2 --hidden_size 300 --ffn_num_layer 2 --outputfile test_model1.csv --batch_size 500 --target_columns label --smiles_column smiles
Command line
python train_2_for_datasets.py --data_path ../datasets/marketdrug/invivo_allainstock_KNIME_rm_nu_11-24_train.csv --dataset_type classification --num_workers 2 --save_dir ../pipeline/druglikeness/normal_active_alldruglikeainstock_v4_nopretrain_firsttrain_05-10 --epochs 50 --separate_test_path ../../druglikeness/tmp/c3a800c83aa324ec6bee4c4fdbb0f4099dfc8ba0cfed8c2121b168f1f2cf6936/page17and54_KNIME.csv --features_generator rdkit_2d_normalized --no_features_scaling --metric auc --init_lr 5e-4 --max_lr 5e-4 --final_lr 5e-4 --s ../pipeline/server/test1_s --mode active --depth 2 --hidden_size 300 --ffn_num_layer 2 --outputfile test_model1.csv --batch_size 500 --target_columns label --smiles_column smiles
Command line
python train_2_for_datasets.py --data_path ../datasets/marketdrug/invivo_allainstock_KNIME_rm_nu_11-24_train.csv --dataset_type classification --num_workers 2 --save_dir ../pipeline/druglikeness/normal_active_alldruglikeainstock_v4_nopretrain_firsttrain_05-10 --epochs 50 --features_generator rdkit_2d_normalized --no_features_scaling --metric auc --init_lr 5e-4 --max_lr 5e-4 --final_lr 5e-4 --s ../pipeline/server/test1_s --mode active --depth 2 --hidden_size 300 --ffn_num_layer 2 --outputfile test_model1.csv --batch_size 500 --target_columns label --smiles_column smiles
Command line
python train_2_for_datasets.py --data_path ../datasets/marketdrug/invivo_allainstock_KNIME_rm_nu_11-24_train.csv --dataset_type classification --num_workers 2 --save_dir ../pipeline/druglikeness/normal_active_alldruglikeainstock_v4_nopretrain_firsttrain_05-10 --epochs 50 --features_generator rdkit_2d_normalized --no_features_scaling --metric auc --init_lr 5e-4 --max_lr 5e-4 --final_lr 5e-4 --s ../pipeline/server/test1_s --mode active --depth 2 --hidden_size 300 --ffn_num_layer 2 --outputfile test_model1.csv --batch_size 500 --target_columns label --smiles_column smiles
Command line
python train_2_for_datasets.py --data_path ../datasets/marketdrug/invivo_allainstock_KNIME_rm_nu_11-24_train.csv --dataset_type classification --num_workers 2 --save_dir ../pipeline/druglikeness/normal_active_alldruglikeainstock_v4_nopretrain_firsttrain_05-10 --epochs 50 --separate_test_path ../../druglikeness/tmp/ca3e7e99f519f39f9d4b970b061e4958f243b1c2dcd2c779826c98bee0e9f0e9/page17and54_KNIME.csv --features_generator rdkit_2d_normalized --no_features_scaling --metric auc --init_lr 5e-4 --max_lr 5e-4 --final_lr 5e-4 --mode active --depth 2 --hidden_size 300 --ffn_num_layer 2 --outputfile test_model1.csv --batch_size 500 --target_columns label --smiles_column smiles
Command line
python train_2_for_datasets.py --data_path ../datasets/marketdrug/invivo_allainstock_KNIME_rm_nu_11-24_train.csv --dataset_type classification --num_workers 2 --save_dir ../pipeline/druglikeness/normal_active_alldruglikeainstock_v4_nopretrain_firsttrain_05-10 --epochs 50 --separate_test_path ../../druglikeness/tmp/4b27747f28fbf7c33ec7b17dc337729ddddbefadd22839cfef5b2bcd87f9cce5/Plk1-result-14_KNIME.csv --features_generator rdkit_2d_normalized --no_features_scaling --metric auc --init_lr 5e-4 --max_lr 5e-4 --final_lr 5e-4 --mode active --depth 2 --hidden_size 300 --ffn_num_layer 2 --outputfile test_model1.csv --batch_size 500 --target_columns label --smiles_column smiles
Command line
python train_2_for_datasets.py --data_path ../datasets/marketdrug/invivo_allainstock_KNIME_rm_nu_11-24_train.csv --dataset_type classification --num_workers 2 --save_dir ../pipeline/druglikeness/normal_active_alldruglikeainstock_v4_nopretrain_firsttrain_05-10 --epochs 50 --separate_test_path ../../druglikeness/tmp/729e32f98b34874ea4863f5517ce6bb3bc57ffc798bf43f7398724be85fa1f26/page17and54_KNIME.csv --features_generator rdkit_2d_normalized --no_features_scaling --metric auc --init_lr 5e-4 --max_lr 5e-4 --final_lr 5e-4 --mode active --depth 2 --hidden_size 300 --ffn_num_layer 2 --outputfile test_model1.csv --batch_size 500 --target_columns label --smiles_column smiles
Command line
python train_2_for_datasets.py --data_path ../datasets/marketdrug/invivo_allainstock_KNIME_rm_nu_11-24_train.csv --dataset_type classification --num_workers 2 --save_dir ../pipeline/druglikeness/normal_active_alldruglikeainstock_v4_nopretrain_firsttrain_05-10 --epochs 50 --separate_test_path ../../druglikeness/tmp/8569c75f97ddb0c62daef2033d5dbe8f5ba1b5c5757c9f0620aa6f39ba80a864/hello.csv --features_generator rdkit_2d_normalized --no_features_scaling --metric auc --init_lr 5e-4 --max_lr 5e-4 --final_lr 5e-4 --mode active --depth 2 --hidden_size 300 --ffn_num_layer 2 --outputfile test_model1.csv --batch_size 500 --target_columns label --smiles_column smiles
Command line
python train_2_for_datasets.py --data_path ../datasets/marketdrug/invivo_allainstock_KNIME_rm_nu_11-24_train.csv --dataset_type classification --num_workers 2 --save_dir ../pipeline/druglikeness/normal_active_alldruglikeainstock_v4_nopretrain_firsttrain_05-10 --epochs 50 --separate_test_path ../../druglikeness/tmp/38791ea2060a45852a899aa47714ded7d36d654ae04fdffeac548a3dea1f8db1/page17and54_KNIME.csv --features_generator rdkit_2d_normalized --no_features_scaling --metric auc --init_lr 5e-4 --max_lr 5e-4 --final_lr 5e-4 --mode active --depth 2 --hidden_size 300 --ffn_num_layer 2 --outputfile test_model1.csv --batch_size 500 --target_columns label --smiles_column smiles
Command line
python train_2_for_datasets.py --data_path ../datasets/marketdrug/invivo_allainstock_KNIME_rm_nu_11-24_train.csv --dataset_type classification --num_workers 2 --save_dir ../pipeline/druglikeness/normal_active_alldruglikeainstock_v4_nopretrain_firsttrain_05-10 --epochs 50 --separate_test_path ../../druglikeness/tmp/1a9ffc99465a1d38cdba4782febd60ff1c73a7e7365d76eac402a2d68631e6b7/page17and54_KNIME.csv --features_generator rdkit_2d_normalized --no_features_scaling --metric auc --init_lr 5e-4 --max_lr 5e-4 --final_lr 5e-4 --mode active --depth 2 --hidden_size 300 --ffn_num_layer 2 --outputfile test_model1.csv --batch_size 500 --target_columns label --smiles_column smiles
Command line
python train_2_for_datasets.py --data_path ../datasets/marketdrug/invivo_allainstock_KNIME_rm_nu_11-24_train.csv --dataset_type classification --num_workers 2 --save_dir ../pipeline/druglikeness/normal_active_alldruglikeainstock_v4_nopretrain_firsttrain_05-10 --epochs 50 --separate_test_path ../../druglikeness/tmp/8e6a6553f75f246e849e6296947054fa47f3f0e8ef205fe34672e19a2f93c57f/page17and54_KNIME.csv --features_generator rdkit_2d_normalized --no_features_scaling --metric auc --init_lr 5e-4 --max_lr 5e-4 --final_lr 5e-4 --mode active --depth 2 --hidden_size 300 --ffn_num_layer 2 --outputfile test_model1.csv --batch_size 500 --target_columns label --smiles_column smiles
Command line
python train_2_for_datasets.py --data_path ../datasets/marketdrug/invivo_allainstock_KNIME_rm_nu_11-24_train.csv --dataset_type classification --num_workers 2 --save_dir ../pipeline/druglikeness/normal_active_alldruglikeainstock_v4_nopretrain_firsttrain_05-10 --epochs 50 --separate_test_path ../../druglikeness/tmp/2f002f8343bb47a1a1fedff5ee414a09ac7f731ff31a87c3841fb3ca2e37731d/page17and54_KNIME.csv --features_generator rdkit_2d_normalized --no_features_scaling --metric auc --init_lr 5e-4 --max_lr 5e-4 --final_lr 5e-4 --mode active --depth 2 --hidden_size 300 --ffn_num_layer 2 --outputfile test_model1.csv --batch_size 500 --target_columns label --smiles_column smiles
Command line
python train_2_for_datasets.py --data_path ../datasets/marketdrug/invivo_allainstock_KNIME_rm_nu_11-24_train.csv --dataset_type classification --num_workers 2 --save_dir ../pipeline/druglikeness/normal_active_alldruglikeainstock_v4_nopretrain_firsttrain_05-10 --epochs 50 --separate_test_path ../../druglikeness/tmp/a47b85d9f11d28938db74baeb90fca6921381d780ca6a4a4dd4e31a494b236cf/test_example.csv --features_generator rdkit_2d_normalized --no_features_scaling --metric auc --init_lr 5e-4 --max_lr 5e-4 --final_lr 5e-4 --mode active --depth 2 --hidden_size 300 --ffn_num_layer 2 --outputfile test_model1.csv --batch_size 500 --target_columns label --smiles_column smiles
Command line
python train_2_for_datasets.py --data_path ../datasets/marketdrug/invivo_allainstock_KNIME_rm_nu_11-24_train.csv --dataset_type classification --num_workers 2 --save_dir ../pipeline/druglikeness/normal_active_alldruglikeainstock_v4_nopretrain_firsttrain_05-10 --epochs 50 --separate_test_path ../../druglikeness/tmp/49598479d06125b596882475856971bc681adb5ef88783d0663034b53095952a/test_example.csv --features_generator rdkit_2d_normalized --no_features_scaling --metric auc --init_lr 5e-4 --max_lr 5e-4 --final_lr 5e-4 --mode active --depth 2 --hidden_size 300 --ffn_num_layer 2 --outputfile test_model1.csv --batch_size 500 --target_columns label --smiles_column smiles
Command line
python train_2_for_datasets.py --data_path ../datasets/marketdrug/invivo_allainstock_KNIME_rm_nu_11-24_train.csv --dataset_type classification --num_workers 2 --save_dir ../pipeline/druglikeness/normal_active_alldruglikeainstock_v4_nopretrain_firsttrain_05-10 --epochs 50 --separate_test_path ../../druglikeness/tmp/70bd7b635a119317a33431b5a38b973743241779f4726eb64b4ffe4e9438a28a/test_example.csv --features_generator rdkit_2d_normalized --no_features_scaling --metric auc --init_lr 5e-4 --max_lr 5e-4 --final_lr 5e-4 --mode active --depth 2 --hidden_size 300 --ffn_num_layer 2 --outputfile test_model1.csv --batch_size 500 --target_columns label --smiles_column smiles
Command line
python train_2_for_datasets.py --data_path ../datasets/marketdrug/invivo_allainstock_KNIME_rm_nu_11-24_train.csv --dataset_type classification --num_workers 2 --save_dir ../pipeline/druglikeness/normal_active_alldruglikeainstock_v4_nopretrain_firsttrain_05-10 --epochs 50 --separate_test_path ../../druglikeness/tmp/9c057464b28f6233beb7d0a61844db36799ba9b772d922b7b7cfee1d61d1e8e7/page17and54_KNIME.csv --features_generator rdkit_2d_normalized --no_features_scaling --metric auc --init_lr 5e-4 --max_lr 5e-4 --final_lr 5e-4 --mode active --depth 2 --hidden_size 300 --ffn_num_layer 2 --outputfile test_model1.csv --batch_size 500 --target_columns label --smiles_column smiles
Command line
python train_2_for_datasets.py --data_path ../datasets/marketdrug/invivo_allainstock_KNIME_rm_nu_11-24_train.csv --dataset_type classification --num_workers 2 --save_dir ../pipeline/druglikeness/normal_active_alldruglikeainstock_v4_nopretrain_firsttrain_05-10 --epochs 50 --separate_test_path ../../druglikeness/tmp/df4519d8e0908d2113577deff08f9c81c2eacfd5a7ab79ab73eae1a6823386a0/test_example.csv --features_generator rdkit_2d_normalized --no_features_scaling --metric auc --init_lr 5e-4 --max_lr 5e-4 --final_lr 5e-4 --mode active --depth 2 --hidden_size 300 --ffn_num_layer 2 --outputfile test_model1.csv --batch_size 500 --target_columns label --smiles_column smiles
Command line
python train_2_for_datasets.py --data_path ../datasets/marketdrug/invivo_allainstock_KNIME_rm_nu_11-24_train.csv --dataset_type classification --num_workers 2 --save_dir ../pipeline/druglikeness/normal_active_alldruglikeainstock_v4_nopretrain_firsttrain_05-10 --epochs 50 --separate_test_path ../../druglikeness/tmp/993f33be8613eb54f7b1cfa7260689663c7547a60e84a1664aeac9b1b26308e3/test_example.csv --features_generator rdkit_2d_normalized --no_features_scaling --metric auc --init_lr 5e-4 --max_lr 5e-4 --final_lr 5e-4 --mode active --depth 2 --hidden_size 300 --ffn_num_layer 2 --outputfile test_model1.csv --batch_size 500 --target_columns label --smiles_column smiles
